<?xml version="1.0" encoding="UTF-8"?>
<testsuite xmlns:xsi="http://www.w3.org/2001/XMLSchema-instance" xsi:noNamespaceSchemaLocation="https://maven.apache.org/surefire/maven-surefire-plugin/xsd/surefire-test-report-3.0.xsd" version="3.0" name="it.unipd.mtss.RomanPrinterTest" time="0.006" tests="6" errors="0" skipped="0" failures="0">
  <properties>
[...]
</properties>
  <testcase name="TestC" classname="it.unipd.mtss.RomanPrinterTest" time="0.0"/>
  <testcase name="TestI" classname="it.unipd.mtss.RomanPrinterTest" time="0.0"/>
  <testcase name="TestL" classname="it.unipd.mtss.RomanPrinterTest" time="0.0"/>
  <testcase name="TestV" classname="it.unipd.mtss.RomanPrinterTest" time="0.0"/>
  <testcase name="TestX" classname="it.unipd.mtss.RomanPrinterTest" time="0.0"/>
  <testcase name="characterNotPresentInRomanFormat" classname="it.unipd.mtss.RomanPrinterTest" time="0.0"/>
</testsuite>