<?xml version="1.0" encoding="UTF-8"?>
<testsuite xmlns:xsi="http://www.w3.org/2001/XMLSchema-instance" xsi:noNamespaceSchemaLocation="https://maven.apache.org/surefire/maven-surefire-plugin/xsd/surefire-test-report-3.0.xsd" version="3.0" name="it.unipd.mtss.IntegerToRomanTest" time="0.047" tests="13" errors="0" skipped="0" failures="0">
  <properties>
[...]
</properties>
  <testcase name="underZeroThrowsIllegalArgumentException" classname="it.unipd.mtss.IntegerToRomanTest" time="0.002"/>
  <testcase name="First6NumbersConversion" classname="it.unipd.mtss.IntegerToRomanTest" time="0.0"/>
  <testcase name="underRangeThrowsIllegalArgumentException" classname="it.unipd.mtss.IntegerToRomanTest" time="0.0"/>
  <testcase name="First20NumbersConversion" classname="it.unipd.mtss.IntegerToRomanTest" time="0.0"/>
  <testcase name="First500NumbersConversion" classname="it.unipd.mtss.IntegerToRomanTest" time="0.0"/>
  <testcase name="First9NumbersConversion" classname="it.unipd.mtss.IntegerToRomanTest" time="0.0"/>
  <testcase name="MediumNumberConversion" classname="it.unipd.mtss.IntegerToRomanTest" time="0.0"/>
  <testcase name="OneLetterNumbers" classname="it.unipd.mtss.IntegerToRomanTest" time="0.0"/>
  <testcase name="First50NumbersConversion" classname="it.unipd.mtss.IntegerToRomanTest" time="0.0"/>
  <testcase name="First100NumbersConversion" classname="it.unipd.mtss.IntegerToRomanTest" time="0.0"/>
  <testcase name="First3NumbersConversion" classname="it.unipd.mtss.IntegerToRomanTest" time="0.0"/>
  <testcase name="LongestRomanNumberTill1000" classname="it.unipd.mtss.IntegerToRomanTest" time="0.0"/>
  <testcase name="overRangeThrowsIllegalArgumentException" classname="it.unipd.mtss.IntegerToRomanTest" time="0.0"/>
</testsuite>