<?xml version="1.0" encoding="UTF-8" ?>
<testsuite tests="10" failures="0" name="it.unipd.mtss.RomanPrinterTest" time="0.006" errors="0" skipped="0">
  <properties>
[...]
</properties>
  <testcase classname="it.unipd.mtss.RomanPrinterTest" name="performance" time="0.003"/>
  <testcase classname="it.unipd.mtss.RomanPrinterTest" name="TestMultiChars" time="0.001"/>
  <testcase classname="it.unipd.mtss.RomanPrinterTest" name="TestC" time="0"/>
  <testcase classname="it.unipd.mtss.RomanPrinterTest" name="TestD" time="0"/>
  <testcase classname="it.unipd.mtss.RomanPrinterTest" name="TestI" time="0"/>
  <testcase classname="it.unipd.mtss.RomanPrinterTest" name="TestL" time="0"/>
  <testcase classname="it.unipd.mtss.RomanPrinterTest" name="TestM" time="0.002"/>
  <testcase classname="it.unipd.mtss.RomanPrinterTest" name="TestV" time="0"/>
  <testcase classname="it.unipd.mtss.RomanPrinterTest" name="TestX" time="0"/>
  <testcase classname="it.unipd.mtss.RomanPrinterTest" name="characterNotPresentInRomanFormat" time="0"/>
</testsuite>